<?xml version="1.0" encoding="UTF-8"?>
<!-- Generated by org.testng.reporters.JUnitXMLReporter -->
<testsuite ignored="0" hostname="DESKTOP-LG2LKO2" failures="1" tests="3" name="practiceTest" time="0.112" errors="0" timestamp="2020-01-03T13:06:34 IST">
  <testcase classname="practice.setdependency" name="opensite" time="0.012"/>
  <testcase classname="practice.setdependency" name="createaccount" time="0.016">
    <failure type="java.lang.AssertionError" message="did not expect to find [true] but found [false]">
      <![CDATA[java.lang.AssertionError: did not expect to find [true] but found [false]
at practice.setdependency.createaccount(setdependency.java:17)
at java.base/java.util.ArrayList.forEach(ArrayList.java:1540)
... Removed 31 stack frames]]>
    </failure>
  </testcase> <!-- createaccount -->
  <testcase classname="practice.setdependency" name="login" time="0.012"/>
</testsuite> <!-- practiceTest -->
