<?xml version="1.0" encoding="UTF-8"?>
<testng-results ignored="0" total="4" passed="3" failed="1" skipped="0">
  <reporter-output>
  </reporter-output>
  <suite started-at="2020-01-18T03:45:23Z" name="Suite" finished-at="2020-01-18T03:47:20Z" duration-ms="117228">
    <groups>
    </groups>
    <test started-at="2020-01-18T03:45:23Z" name="Test1" finished-at="2020-01-18T03:45:23Z" duration-ms="8">
    </test> <!-- Test1 -->
    <test started-at="2020-01-18T03:45:23Z" name="Test2" finished-at="2020-01-18T03:46:40Z" duration-ms="76631">
      <class name="Academy.homepage">
        <test-method signature="pageNavigation(java.lang.String, java.lang.String, java.lang.String)[pri:0, instance:Academy.homepage@46074492]" started-at="2020-01-18T03:45:23Z" name="pageNavigation" description="login test data" data-provider="getData" finished-at="2020-01-18T03:46:04Z" duration-ms="40742" status="PASS">
          <params>
            <param index="0">
              <value>
                <![CDATA[restricted@gmail.com]]>
              </value>
            </param>
            <param index="1">
              <value>
                <![CDATA[abcdefg]]>
              </value>
            </param>
            <param index="2">
              <value>
                <![CDATA[restricted user]]>
              </value>
            </param>
          </params>
          <reporter-output>
          </reporter-output>
        </test-method> <!-- pageNavigation -->
        <test-method signature="pageNavigation(java.lang.String, java.lang.String, java.lang.String)[pri:0, instance:Academy.homepage@46074492]" started-at="2020-01-18T03:46:04Z" name="pageNavigation" description="login test data" data-provider="getData" finished-at="2020-01-18T03:46:40Z" duration-ms="35846" status="PASS">
          <params>
            <param index="0">
              <value>
                <![CDATA[nonrestricted@gmail.com]]>
              </value>
            </param>
            <param index="1">
              <value>
                <![CDATA[efghij]]>
              </value>
            </param>
            <param index="2">
              <value>
                <![CDATA[non restricted user]]>
              </value>
            </param>
          </params>
          <reporter-output>
          </reporter-output>
        </test-method> <!-- pageNavigation -->
      </class> <!-- Academy.homepage -->
    </test> <!-- Test2 -->
    <test started-at="2020-01-18T03:46:40Z" name="Test3" finished-at="2020-01-18T03:46:59Z" duration-ms="19647">
      <class name="Academy.validatelandingPagetext">
        <test-method is-config="true" signature="invoke()[pri:0, instance:Academy.validatelandingPagetext@1b11ef33]" started-at="2020-01-18T03:46:40Z" name="invoke" finished-at="2020-01-18T03:46:59Z" duration-ms="18761" status="PASS">
          <reporter-output>
          </reporter-output>
        </test-method> <!-- invoke -->
        <test-method signature="validatetext()[pri:0, instance:Academy.validatelandingPagetext@1b11ef33]" started-at="2020-01-18T03:46:59Z" name="validatetext" finished-at="2020-01-18T03:46:59Z" duration-ms="52" status="FAIL">
          <exception class="java.lang.AssertionError">
            <message>
              <![CDATA[expected [FEATURED COURSES] but found [FEATURED COURSE]]]>
            </message>
            <full-stacktrace>
              <![CDATA[java.lang.AssertionError: expected [FEATURED COURSES] but found [FEATURED COURSE]
at org.testng.Assert.fail(Assert.java:96)
at org.testng.Assert.failNotEquals(Assert.java:776)
at org.testng.Assert.assertEqualsImpl(Assert.java:137)
at org.testng.Assert.assertEquals(Assert.java:118)
at org.testng.Assert.assertEquals(Assert.java:453)
at org.testng.Assert.assertEquals(Assert.java:463)
at Academy.validatelandingPagetext.validatetext(validatelandingPagetext.java:45)
at java.base/jdk.internal.reflect.NativeMethodAccessorImpl.invoke0(Native Method)
at java.base/jdk.internal.reflect.NativeMethodAccessorImpl.invoke(NativeMethodAccessorImpl.java:62)
at java.base/jdk.internal.reflect.DelegatingMethodAccessorImpl.invoke(DelegatingMethodAccessorImpl.java:43)
at java.base/java.lang.reflect.Method.invoke(Method.java:566)
at org.testng.internal.MethodInvocationHelper.invokeMethod(MethodInvocationHelper.java:124)
at org.testng.internal.Invoker.invokeMethod(Invoker.java:583)
at org.testng.internal.Invoker.invokeTestMethod(Invoker.java:719)
at org.testng.internal.Invoker.invokeTestMethods(Invoker.java:989)
at org.testng.internal.TestMethodWorker.invokeTestMethods(TestMethodWorker.java:125)
at org.testng.internal.TestMethodWorker.run(TestMethodWorker.java:109)
at org.testng.TestRunner.privateRun(TestRunner.java:648)
at org.testng.TestRunner.run(TestRunner.java:505)
at org.testng.SuiteRunner.runTest(SuiteRunner.java:455)
at org.testng.SuiteRunner.runSequentially(SuiteRunner.java:450)
at org.testng.SuiteRunner.privateRun(SuiteRunner.java:415)
at org.testng.SuiteRunner.run(SuiteRunner.java:364)
at org.testng.SuiteRunnerWorker.runSuite(SuiteRunnerWorker.java:52)
at org.testng.SuiteRunnerWorker.run(SuiteRunnerWorker.java:84)
at org.testng.TestNG.runSuitesSequentially(TestNG.java:1208)
at org.testng.TestNG.runSuitesLocally(TestNG.java:1137)
at org.testng.TestNG.runSuites(TestNG.java:1049)
at org.testng.TestNG.run(TestNG.java:1017)
at org.testng.remote.AbstractRemoteTestNG.run(AbstractRemoteTestNG.java:115)
at org.testng.remote.RemoteTestNG.initAndRun(RemoteTestNG.java:251)
at org.testng.remote.RemoteTestNG.main(RemoteTestNG.java:77)
]]>
            </full-stacktrace>
          </exception> <!-- java.lang.AssertionError -->
          <reporter-output>
          </reporter-output>
        </test-method> <!-- validatetext -->
        <test-method is-config="true" signature="teardown()[pri:0, instance:Academy.validatelandingPagetext@1b11ef33]" started-at="2020-01-18T03:46:59Z" name="teardown" finished-at="2020-01-18T03:46:59Z" duration-ms="222" status="PASS">
          <reporter-output>
          </reporter-output>
        </test-method> <!-- teardown -->
      </class> <!-- Academy.validatelandingPagetext -->
    </test> <!-- Test3 -->
    <test started-at="2020-01-18T03:46:59Z" name="Test4" finished-at="2020-01-18T03:47:20Z" duration-ms="20847">
      <class name="Academy.verifynavigationbar">
        <test-method is-config="true" signature="invoke()[pri:0, instance:Academy.verifynavigationbar@1a69561c]" started-at="2020-01-18T03:46:59Z" name="invoke" finished-at="2020-01-18T03:47:20Z" duration-ms="20528" status="PASS">
          <reporter-output>
          </reporter-output>
        </test-method> <!-- invoke -->
        <test-method signature="verifynavigation()[pri:0, instance:Academy.verifynavigationbar@1a69561c]" started-at="2020-01-18T03:47:20Z" name="verifynavigation" finished-at="2020-01-18T03:47:20Z" duration-ms="100" status="PASS">
          <reporter-output>
          </reporter-output>
        </test-method> <!-- verifynavigation -->
        <test-method is-config="true" signature="teardown()[pri:0, instance:Academy.verifynavigationbar@1a69561c]" started-at="2020-01-18T03:47:20Z" name="teardown" finished-at="2020-01-18T03:47:20Z" duration-ms="203" status="PASS">
          <reporter-output>
          </reporter-output>
        </test-method> <!-- teardown -->
      </class> <!-- Academy.verifynavigationbar -->
    </test> <!-- Test4 -->
  </suite> <!-- Suite -->
</testng-results>
